<?xml version="1.0" encoding="UTF-8"?>
<testng-results skipped="0" failed="0" ignored="0" total="1" passed="1">
  <reporter-output>
  </reporter-output>
  <suite name="Default suite" duration-ms="56781" started-at="2021-09-29T08:34:35 IST" finished-at="2021-09-29T08:35:32 IST">
    <groups>
      <group name="cucumber">
        <method signature="AbstractTestNGCucumberTests.runScenario(io.cucumber.testng.PickleWrapper,io.cucumber.testng.FeatureWrapper)[pri:0, instance:runners.AutomationPractiseTestRunner@543c6f6d]" name="runScenario" class="io.cucumber.testng.AbstractTestNGCucumberTests"/>
      </group> <!-- cucumber -->
    </groups>
    <test name="Default test" duration-ms="56781" started-at="2021-09-29T08:34:35 IST" finished-at="2021-09-29T08:35:32 IST">
      <class name="runners.AutomationPractiseTestRunner">
        <test-method status="PASS" signature="setUpClass()[pri:0, instance:runners.AutomationPractiseTestRunner@543c6f6d]" name="setUpClass" is-config="true" duration-ms="1556" started-at="2021-09-29T08:34:35 IST" finished-at="2021-09-29T08:34:36 IST">
          <reporter-output>
          </reporter-output>
        </test-method> <!-- setUpClass -->
        <test-method status="PASS" signature="runScenario(io.cucumber.testng.PickleWrapper,io.cucumber.testng.FeatureWrapper)[pri:0, instance:runners.AutomationPractiseTestRunner@543c6f6d]" name="runScenario" duration-ms="54130" started-at="2021-09-29T08:34:36 IST" description="Runs Cucumber Scenarios" data-provider="scenarios" finished-at="2021-09-29T08:35:30 IST">
          <params>
            <param index="0">
              <value>
                <![CDATA["Register on website"]]>
              </value>
            </param>
            <param index="1">
              <value>
                <![CDATA["Optional[Acceptance testing to register on the website, in order]"]]>
              </value>
            </param>
          </params>
          <reporter-output>
          </reporter-output>
        </test-method> <!-- runScenario -->
        <test-method status="PASS" signature="tearDownClass()[pri:0, instance:runners.AutomationPractiseTestRunner@543c6f6d]" name="tearDownClass" is-config="true" duration-ms="1014" started-at="2021-09-29T08:35:31 IST" finished-at="2021-09-29T08:35:32 IST">
          <reporter-output>
          </reporter-output>
        </test-method> <!-- tearDownClass -->
      </class> <!-- runners.AutomationPractiseTestRunner -->
    </test> <!-- Default test -->
  </suite> <!-- Default suite -->
</testng-results>
